[debug] [2021-02-16T14:38:23.573Z] ----------------------------------------------------------------------
[debug] [2021-02-16T14:38:23.576Z] Command:       C:\Program Files\nodejs\node.exe C:\Users\tyagi_a\AppData\Roaming\npm\node_modules\firebase-tools\lib\bin\firebase.js init
[debug] [2021-02-16T14:38:23.577Z] CLI Version:   9.3.0
[debug] [2021-02-16T14:38:23.577Z] Platform:      win32
[debug] [2021-02-16T14:38:23.577Z] Node Version:  v14.15.0
[debug] [2021-02-16T14:38:23.578Z] Time:          Tue Feb 16 2021 20:08:23 GMT+0530 (India Standard Time)
[debug] [2021-02-16T14:38:23.579Z] ----------------------------------------------------------------------
[debug] [2021-02-16T14:38:23.579Z] 
[debug] [2021-02-16T14:38:23.587Z] > command requires scopes: ["email","openid","https://www.googleapis.com/auth/cloudplatformprojects.readonly","https://www.googleapis.com/auth/firebase","https://www.googleapis.com/auth/cloud-platform"]
[debug] [2021-02-16T14:38:23.587Z] > authorizing via signed-in user
[info] 
     ######## #### ########  ######## ########     ###     ######  ########
     ##        ##  ##     ## ##       ##     ##  ##   ##  ##       ##
     ######    ##  ########  ######   ########  #########  ######  ######
     ##        ##  ##    ##  ##       ##     ## ##     ##       ## ##
     ##       #### ##     ## ######## ########  ##     ##  ######  ########

You're about to initialize a Firebase project in this directory:

  D:\ReactWeatherApp

[info] 
=== Project Setup
[info] 
[info] First, let's associate this project directory with a Firebase project.
[info] You can create multiple project aliases by running firebase use --add, 
[info] but for now we'll just set up a default project.
[info] 
[debug] [2021-02-16T14:39:21.029Z] >>> [apiv2][query] GET https://firebase.googleapis.com/v1beta1/projects pageSize=100
[debug] [2021-02-16T14:39:21.669Z] <<< [apiv2][status] GET https://firebase.googleapis.com/v1beta1/projects 200
[debug] [2021-02-16T14:39:21.670Z] <<< [apiv2][body] GET https://firebase.googleapis.com/v1beta1/projects [omitted]
[info] i  Using project reactweatherapp-2b1f2 (ReactWeatherApp) 
[info] 
=== Hosting Setup
[info] 
[info] Your public directory is the folder (relative to your project directory) that
[info] will contain Hosting assets to be uploaded with firebase deploy. If you
[info] have a build process for your assets, use your build's output directory.
[info] 
[debug] [2021-02-16T14:40:39.863Z] >>> [apiv2][query] GET https://www.gstatic.com/firebasejs/releases.json [none]
[debug] [2021-02-16T14:40:40.060Z] <<< [apiv2][status] GET https://www.gstatic.com/firebasejs/releases.json 200
[debug] [2021-02-16T14:40:40.061Z] <<< [apiv2][body] GET https://www.gstatic.com/firebasejs/releases.json {"current":{"version":"8.2.7","browserURL":"https://www.gstatic.com/firebasejs/8.2.7/firebase.js","packageURL":"https://www.gstatic.com/firebasejs/8.2.7/firebase.tgz"},"live":{"version":"8.2","browserURL":"https://www.gstatic.com/firebasejs/live/8.2/firebase.js","packageURL":"https://www.gstatic.com/firebasejs/live/8.2/firebase.tgz"},"components":{"analytics":"https://www.gstatic.com/firebasejs/8.2.7/firebase-analytics.js","app":"https://www.gstatic.com/firebasejs/8.2.7/firebase-app.js","auth":"https://www.gstatic.com/firebasejs/8.2.7/firebase-auth.js","database":"https://www.gstatic.com/firebasejs/8.2.7/firebase-database.js","firestore":"https://www.gstatic.com/firebasejs/8.2.7/firebase-firestore.js","functions":"https://www.gstatic.com/firebasejs/8.2.7/firebase-functions.js","installations":"https://www.gstatic.com/firebasejs/8.2.7/firebase-installations.js","messaging":"https://www.gstatic.com/firebasejs/8.2.7/firebase-messaging.js","storage":"https://www.gstatic.com/firebasejs/8.2.7/firebase-storage.js","performance":"https://www.gstatic.com/firebasejs/8.2.7/firebase-performance.js","remote-config":"https://www.gstatic.com/firebasejs/8.2.7/firebase-remote-config.js","firestore.memory":"https://www.gstatic.com/firebasejs/8.2.7/firebase-firestore.memory.js"}}
[info] +  Wrote build/index.html 
[info] 
[info] i  Didn't detect a .git folder. Assuming D:\ReactWeatherApp is the project root. 
[info] i  Authorizing with GitHub to upload your service account to a GitHub repository's secrets store. 
[info] 
[info] Visit this URL on this device to log in:
[info] https://github.com/login/oauth/authorize?client_id=89cf50f02ac6aaed3484&state=673425956&redirect_uri=http%3A%2F%2Flocalhost%3A9005&scope=read%3Auser%20repo%20public_repo
[info] 
[info] Waiting for authentication...
[debug] [2021-02-16T14:40:51.143Z] >>> HTTP REQUEST POST https://github.com/login/oauth/access_token  
 {"client_id":"89cf50f02ac6aaed3484","client_secret":"3330d14abc895d9a74d5f17cd7a00711fa2c5bf0","code":"304c2a6af58cfbb031ce","redirect_uri":"http://localhost:9005","state":"673425956"}
[debug] [2021-02-16T14:40:51.597Z] <<< HTTP RESPONSE 200 {"date":"Tue, 16 Feb 2021 14:41:08 GMT","content-type":"application/json; charset=utf-8","transfer-encoding":"chunked","server":"GitHub.com","link":"<https://github.githubassets.com/assets/chunk-frameworks-aaac5e7e.js>; integrity=sha512-qqxefjEZzhP8x0ed+F3sDEdSogyDs+0ThK6EYXtqye9PJ26t5C996Q9EuRBr+296TAbc1rimsOSeZjZXJac1cA==; rel=preload; crossorigin=anonymous; as=script,<https://github.githubassets.com/assets/chunk-vendor-6594a208.js>; integrity=sha512-ZZSiCHJ85gkTIyggKfuBXsl3a7e+GPhw6iUguJ6eki2dXkGnOFBpQlUUG+gcTSJzgE8ii1cYyM7aLYXZeSeDbA==; rel=preload; crossorigin=anonymous; as=script,<https://github.githubassets.com/assets/behaviors-bf28db4d.js>; integrity=sha512-vyjbTdEGTiemoiT41KyVSh3+NxJv285wa1qlccyGrTsQsAAvhBSUrT0t1LZbJVEfccSTx+zLAyTekiljOX2wKA==; rel=preload; crossorigin=anonymous; as=script,<https://github.githubassets.com/assets/environment-f0adafbf.js>; integrity=sha512-8K2vvwbW+6H27Nad5ydg8PA2/aMD/LKq+EiK9s0U0hhVZxCI2tWBsYk9beAtisRw2j+Or5k2/F+6dk02nmj/PA==; rel=preload; crossorigin=anonymous; as=script","vary":"X-PJAX, Accept-Encoding, Accept, X-Requested-With, Accept-Encoding","etag":"W/\"3f4e39dfa339ecd906cb7ca9251eb29e\"","cache-control":"max-age=0, private, must-revalidate","strict-transport-security":"max-age=31536000; includeSubdomains; preload","x-frame-options":"deny","x-content-type-options":"nosniff","x-xss-protection":"1; mode=block","referrer-policy":"origin-when-cross-origin, strict-origin-when-cross-origin","expect-ct":"max-age=2592000, report-uri=\"https://api.github.com/_private/browser/errors\"","content-security-policy":"default-src 'none'; base-uri 'self'; block-all-mixed-content; connect-src 'self' uploads.github.com www.githubstatus.com collector.githubapp.com api.github.com github-cloud.s3.amazonaws.com github-production-repository-file-5c1aeb.s3.amazonaws.com github-production-upload-manifest-file-7fdce7.s3.amazonaws.com github-production-user-asset-6210df.s3.amazonaws.com cdn.optimizely.com logx.optimizely.com/v1/events wss://alive.github.com; font-src github.githubassets.com; form-action 'self' github.com gist.github.com; frame-ancestors 'none'; frame-src render.githubusercontent.com; img-src 'self' data: github.githubassets.com identicons.github.com collector.githubapp.com github-cloud.s3.amazonaws.com user-images.githubusercontent.com/ *.githubusercontent.com; manifest-src 'self'; media-src 'none'; script-src github.githubassets.com; style-src 'unsafe-inline' github.githubassets.com; worker-src github.com/socket-worker-5029ae85.js gist.github.com/socket-worker-5029ae85.js","x-github-request-id":"C364:2037:10840C1:1262C63:602BD984"}
[debug] [2021-02-16T14:40:51.603Z] >>> [apiv2][query] GET https://api.github.com/user [none]
[debug] [2021-02-16T14:40:52.037Z] <<< [apiv2][status] GET https://api.github.com/user 200
[debug] [2021-02-16T14:40:52.038Z] <<< [apiv2][body] GET https://api.github.com/user {"login":"abhinav-08","id":51720169,"node_id":"MDQ6VXNlcjUxNzIwMTY5","avatar_url":"https://avatars.githubusercontent.com/u/51720169?v=4","gravatar_id":"","url":"https://api.github.com/users/abhinav-08","html_url":"https://github.com/abhinav-08","followers_url":"https://api.github.com/users/abhinav-08/followers","following_url":"https://api.github.com/users/abhinav-08/following{/other_user}","gists_url":"https://api.github.com/users/abhinav-08/gists{/gist_id}","starred_url":"https://api.github.com/users/abhinav-08/starred{/owner}{/repo}","subscriptions_url":"https://api.github.com/users/abhinav-08/subscriptions","organizations_url":"https://api.github.com/users/abhinav-08/orgs","repos_url":"https://api.github.com/users/abhinav-08/repos","events_url":"https://api.github.com/users/abhinav-08/events{/privacy}","received_events_url":"https://api.github.com/users/abhinav-08/received_events","type":"User","site_admin":false,"name":"Abhinav Tyagi","company":null,"blog":"www.linkedin.com/in/abhinavtyagi08","location":"Ghaziabad","email":"reach2abhinavtyagi@gmail.com","hireable":null,"bio":"I am a Computer Science Engineer. \r\nI did my graduation at ABES Engineering College Ghaziabad.\r\nI am on a journey of becoming a FULL STACK DEVELOPER.\r\n","twitter_username":null,"public_repos":10,"public_gists":0,"followers":0,"following":0,"created_at":"2019-06-11T18:59:18Z","updated_at":"2021-02-16T14:41:07Z","private_gists":0,"total_private_repos":1,"owned_private_repos":1,"disk_usage":13040,"collaborators":0,"two_factor_authentication":false,"plan":{"name":"free","space":976562499,"collaborators":0,"private_repos":10000}}
[info] 
[info] +  Success! Logged into GitHub as abhinav-08 
[info] 
